{"authnRequestsSigned":false,"hasPrivateKey":false,"level":"info","message":"[DEBUG] Strategy Options Mapped:","securityConfig":{"clockSkew":300,"digestAlgorithm":"sha256","signatureAlgorithm":"sha256","wantAssertionsSigned":false,"wantMessagesSigned":false,"wantNameIdEncrypted":false},"service":"easy-saml-service","timestamp":"2026-03-21T09:16:54.499Z"}
{"authnRequestsSigned":false,"cert":"MISSING","entryPoint":"","idpCert":"MISSING","issuer":"http://localhost:3000/saml/metadata","level":"info","message":"SAML Strategy Options (Final):","service":"easy-saml-service","timestamp":"2026-03-21T09:16:54.501Z"}
{"0":"c","1":"a","10":"l","11":" ","12":"i","13":"s","14":" ","15":"r","16":"e","17":"q","18":"u","19":"i","2":"l","20":"r","21":"e","22":"d","3":"l","4":"b","5":"a","6":"c","7":"k","8":"U","9":"r","level":"error","message":"[WARNING] Failed to initialize SAML Strategy (likely missing config):","service":"easy-saml-service","timestamp":"2026-03-21T09:16:54.501Z"}
{"level":"info","message":"Using Dummy SAML Strategy to allow server startup.","service":"easy-saml-service","timestamp":"2026-03-21T09:16:54.501Z"}
{"0":"O","1":"A","10":"t","11":"e","12":"g","13":"y","14":" ","15":"r","16":"e","17":"q","18":"u","19":"i","2":"u","20":"r","21":"e","22":"s","23":" ","24":"a","25":" ","26":"c","27":"l","28":"i","29":"e","3":"t","30":"n","31":"t","32":"I","33":"D","34":" ","35":"o","36":"p","37":"t","38":"i","39":"o","4":"h","40":"n","5":"2","6":"S","7":"t","8":"r","9":"a","level":"error","message":"[WARNING] Failed to initialize OAuth Strategy (likely missing config):","service":"easy-saml-service","timestamp":"2026-03-21T09:16:54.501Z"}
{"0":"O","1":"A","10":"t","11":"e","12":"g","13":"y","14":" ","15":"r","16":"e","17":"q","18":"u","19":"i","2":"u","20":"r","21":"e","22":"s","23":" ","24":"a","25":" ","26":"c","27":"l","28":"i","29":"e","3":"t","30":"n","31":"t","32":"I","33":"D","34":" ","35":"o","36":"p","37":"t","38":"i","39":"o","4":"h","40":"n","5":"2","6":"S","7":"t","8":"r","9":"a","level":"error","message":"[WARNING] Failed to initialize JWT Strategy:","service":"easy-saml-service","timestamp":"2026-03-21T09:16:54.501Z"}
{"level":"info","message":"[REQUEST] GET /","service":"easy-saml-service","timestamp":"2026-03-21T09:16:56.958Z"}
{"level":"info","message":"[REQUEST] GET /favicon.ico","service":"easy-saml-service","timestamp":"2026-03-21T09:16:57.385Z"}
{"level":"info","message":"[REQUEST] GET /login","service":"easy-saml-service","timestamp":"2026-03-21T09:17:08.676Z"}
{"level":"info","message":"[REQUEST] GET /login","service":"easy-saml-service","timestamp":"2026-03-21T09:17:49.790Z"}
{"level":"info","message":"[REQUEST] GET /","service":"easy-saml-service","timestamp":"2026-03-21T09:18:44.972Z"}
{"level":"info","message":"[REQUEST] GET /","service":"easy-saml-service","timestamp":"2026-03-21T09:18:46.868Z"}
{"authnRequestsSigned":false,"hasPrivateKey":false,"level":"info","message":"[DEBUG] Strategy Options Mapped:","securityConfig":{"clockSkew":300,"digestAlgorithm":"sha256","signatureAlgorithm":"sha256","wantAssertionsSigned":false,"wantMessagesSigned":false,"wantNameIdEncrypted":false},"service":"easy-saml-service","timestamp":"2026-03-21T09:18:51.856Z"}
{"authnRequestsSigned":false,"cert":"MISSING","entryPoint":"","idpCert":"MISSING","issuer":"http://localhost:3000/saml/metadata","level":"info","message":"SAML Strategy Options (Final):","service":"easy-saml-service","timestamp":"2026-03-21T09:18:51.858Z"}
{"0":"c","1":"a","10":"l","11":" ","12":"i","13":"s","14":" ","15":"r","16":"e","17":"q","18":"u","19":"i","2":"l","20":"r","21":"e","22":"d","3":"l","4":"b","5":"a","6":"c","7":"k","8":"U","9":"r","level":"error","message":"[WARNING] Failed to initialize SAML Strategy (likely missing config):","service":"easy-saml-service","timestamp":"2026-03-21T09:18:51.859Z"}
{"level":"info","message":"Using Dummy SAML Strategy to allow server startup.","service":"easy-saml-service","timestamp":"2026-03-21T09:18:51.859Z"}
{"0":"O","1":"A","10":"t","11":"e","12":"g","13":"y","14":" ","15":"r","16":"e","17":"q","18":"u","19":"i","2":"u","20":"r","21":"e","22":"s","23":" ","24":"a","25":" ","26":"c","27":"l","28":"i","29":"e","3":"t","30":"n","31":"t","32":"I","33":"D","34":" ","35":"o","36":"p","37":"t","38":"i","39":"o","4":"h","40":"n","5":"2","6":"S","7":"t","8":"r","9":"a","level":"error","message":"[WARNING] Failed to initialize OAuth Strategy (likely missing config):","service":"easy-saml-service","timestamp":"2026-03-21T09:18:51.859Z"}
{"0":"O","1":"A","10":"t","11":"e","12":"g","13":"y","14":" ","15":"r","16":"e","17":"q","18":"u","19":"i","2":"u","20":"r","21":"e","22":"s","23":" ","24":"a","25":" ","26":"c","27":"l","28":"i","29":"e","3":"t","30":"n","31":"t","32":"I","33":"D","34":" ","35":"o","36":"p","37":"t","38":"i","39":"o","4":"h","40":"n","5":"2","6":"S","7":"t","8":"r","9":"a","level":"error","message":"[WARNING] Failed to initialize JWT Strategy:","service":"easy-saml-service","timestamp":"2026-03-21T09:18:51.859Z"}
{"level":"info","message":"[REQUEST] GET /","service":"easy-saml-service","timestamp":"2026-03-21T09:18:54.663Z"}
{"level":"info","message":"[REQUEST] GET /login","service":"easy-saml-service","timestamp":"2026-03-21T09:18:54.668Z"}
{"level":"info","message":"[REQUEST] POST /login","service":"easy-saml-service","timestamp":"2026-03-21T09:19:38.080Z"}
{"level":"info","message":"[REQUEST] GET /dashboard","service":"easy-saml-service","timestamp":"2026-03-21T09:19:38.084Z"}
{"level":"info","message":"[REQUEST] GET /admin","service":"easy-saml-service","timestamp":"2026-03-21T09:19:40.733Z"}
{"level":"info","message":"[REQUEST] GET /dashboard","service":"easy-saml-service","timestamp":"2026-03-21T09:19:54.928Z"}
{"level":"info","message":"[REQUEST] GET /admin","service":"easy-saml-service","timestamp":"2026-03-21T09:21:10.152Z"}
{"level":"info","message":"[REQUEST] GET /dashboard","service":"easy-saml-service","timestamp":"2026-03-21T09:21:10.814Z"}
{"level":"info","message":"[REQUEST] GET /admin","service":"easy-saml-service","timestamp":"2026-03-21T09:21:11.473Z"}
{"level":"info","message":"[REQUEST] GET /dashboard","service":"easy-saml-service","timestamp":"2026-03-21T09:21:11.990Z"}
{"level":"info","message":"[REQUEST] GET /admin","service":"easy-saml-service","timestamp":"2026-03-21T09:21:12.497Z"}
{"level":"info","message":"[REQUEST] GET /dashboard","service":"easy-saml-service","timestamp":"2026-03-21T09:21:12.855Z"}
{"authnRequestsSigned":false,"hasPrivateKey":false,"level":"info","message":"[DEBUG] Strategy Options Mapped:","securityConfig":{"clockSkew":300,"digestAlgorithm":"sha256","signatureAlgorithm":"sha256","wantAssertionsSigned":false,"wantMessagesSigned":false,"wantNameIdEncrypted":false},"service":"easy-saml-service","timestamp":"2026-03-21T09:21:25.544Z"}
{"authnRequestsSigned":false,"cert":"MISSING","entryPoint":"","idpCert":"MISSING","issuer":"http://localhost:3000/saml/metadata","level":"info","message":"SAML Strategy Options (Final):","service":"easy-saml-service","timestamp":"2026-03-21T09:21:25.547Z"}
{"0":"c","1":"a","10":"l","11":" ","12":"i","13":"s","14":" ","15":"r","16":"e","17":"q","18":"u","19":"i","2":"l","20":"r","21":"e","22":"d","3":"l","4":"b","5":"a","6":"c","7":"k","8":"U","9":"r","level":"error","message":"[WARNING] Failed to initialize SAML Strategy (likely missing config):","service":"easy-saml-service","timestamp":"2026-03-21T09:21:25.547Z"}
{"level":"info","message":"Using Dummy SAML Strategy to allow server startup.","service":"easy-saml-service","timestamp":"2026-03-21T09:21:25.547Z"}
{"0":"O","1":"A","10":"t","11":"e","12":"g","13":"y","14":" ","15":"r","16":"e","17":"q","18":"u","19":"i","2":"u","20":"r","21":"e","22":"s","23":" ","24":"a","25":" ","26":"c","27":"l","28":"i","29":"e","3":"t","30":"n","31":"t","32":"I","33":"D","34":" ","35":"o","36":"p","37":"t","38":"i","39":"o","4":"h","40":"n","5":"2","6":"S","7":"t","8":"r","9":"a","level":"error","message":"[WARNING] Failed to initialize OAuth Strategy (likely missing config):","service":"easy-saml-service","timestamp":"2026-03-21T09:21:25.547Z"}
{"0":"O","1":"A","10":"t","11":"e","12":"g","13":"y","14":" ","15":"r","16":"e","17":"q","18":"u","19":"i","2":"u","20":"r","21":"e","22":"s","23":" ","24":"a","25":" ","26":"c","27":"l","28":"i","29":"e","3":"t","30":"n","31":"t","32":"I","33":"D","34":" ","35":"o","36":"p","37":"t","38":"i","39":"o","4":"h","40":"n","5":"2","6":"S","7":"t","8":"r","9":"a","level":"error","message":"[WARNING] Failed to initialize JWT Strategy:","service":"easy-saml-service","timestamp":"2026-03-21T09:21:25.547Z"}
{"level":"info","message":"[REQUEST] GET /dashboard","service":"easy-saml-service","timestamp":"2026-03-21T09:21:27.680Z"}
{"level":"info","message":"[REQUEST] GET /login","service":"easy-saml-service","timestamp":"2026-03-21T09:21:27.692Z"}
{"level":"info","message":"[REQUEST] POST /login","service":"easy-saml-service","timestamp":"2026-03-21T09:21:35.725Z"}
{"level":"info","message":"[REQUEST] GET /dashboard","service":"easy-saml-service","timestamp":"2026-03-21T09:21:35.729Z"}
{"level":"info","message":"[REQUEST] GET /admin","service":"easy-saml-service","timestamp":"2026-03-21T09:21:37.003Z"}
{"level":"info","message":"[REQUEST] GET /dashboard","service":"easy-saml-service","timestamp":"2026-03-21T09:21:37.996Z"}
{"level":"info","message":"[REQUEST] GET /logout","service":"easy-saml-service","timestamp":"2026-03-21T09:21:39.454Z"}
{"level":"info","message":"[REQUEST] GET /","service":"easy-saml-service","timestamp":"2026-03-21T09:21:39.461Z"}
{"level":"info","message":"[REQUEST] GET /login","service":"easy-saml-service","timestamp":"2026-03-21T09:21:39.468Z"}
{"authnRequestsSigned":false,"hasPrivateKey":false,"level":"info","message":"[DEBUG] Strategy Options Mapped:","securityConfig":{"clockSkew":300,"digestAlgorithm":"sha256","signatureAlgorithm":"sha256","wantAssertionsSigned":false,"wantMessagesSigned":false,"wantNameIdEncrypted":false},"service":"easy-saml-service","timestamp":"2026-03-21T09:26:20.802Z"}
{"authnRequestsSigned":false,"cert":"MISSING","entryPoint":"","idpCert":"MISSING","issuer":"http://localhost:3000/saml/metadata","level":"info","message":"SAML Strategy Options (Final):","service":"easy-saml-service","timestamp":"2026-03-21T09:26:20.803Z"}
{"0":"c","1":"a","10":"l","11":" ","12":"i","13":"s","14":" ","15":"r","16":"e","17":"q","18":"u","19":"i","2":"l","20":"r","21":"e","22":"d","3":"l","4":"b","5":"a","6":"c","7":"k","8":"U","9":"r","level":"error","message":"[WARNING] Failed to initialize SAML Strategy (likely missing config):","service":"easy-saml-service","timestamp":"2026-03-21T09:26:20.804Z"}
{"level":"info","message":"Using Dummy SAML Strategy to allow server startup.","service":"easy-saml-service","timestamp":"2026-03-21T09:26:20.804Z"}
{"0":"O","1":"A","10":"t","11":"e","12":"g","13":"y","14":" ","15":"r","16":"e","17":"q","18":"u","19":"i","2":"u","20":"r","21":"e","22":"s","23":" ","24":"a","25":" ","26":"c","27":"l","28":"i","29":"e","3":"t","30":"n","31":"t","32":"I","33":"D","34":" ","35":"o","36":"p","37":"t","38":"i","39":"o","4":"h","40":"n","5":"2","6":"S","7":"t","8":"r","9":"a","level":"error","message":"[WARNING] Failed to initialize OAuth Strategy (likely missing config):","service":"easy-saml-service","timestamp":"2026-03-21T09:26:20.804Z"}
{"0":"O","1":"A","10":"t","11":"e","12":"g","13":"y","14":" ","15":"r","16":"e","17":"q","18":"u","19":"i","2":"u","20":"r","21":"e","22":"s","23":" ","24":"a","25":" ","26":"c","27":"l","28":"i","29":"e","3":"t","30":"n","31":"t","32":"I","33":"D","34":" ","35":"o","36":"p","37":"t","38":"i","39":"o","4":"h","40":"n","5":"2","6":"S","7":"t","8":"r","9":"a","level":"error","message":"[WARNING] Failed to initialize JWT Strategy:","service":"easy-saml-service","timestamp":"2026-03-21T09:26:20.804Z"}
{"level":"info","message":"[REQUEST] GET /login","service":"easy-saml-service","timestamp":"2026-03-21T09:26:24.910Z"}
{"level":"info","message":"[REQUEST] GET /","service":"easy-saml-service","timestamp":"2026-03-21T09:26:27.226Z"}
{"level":"info","message":"[REQUEST] GET /login","service":"easy-saml-service","timestamp":"2026-03-21T09:26:27.233Z"}
{"level":"info","message":"[REQUEST] POST /login","service":"easy-saml-service","timestamp":"2026-03-21T09:26:29.259Z"}
{"level":"info","message":"[REQUEST] GET /dashboard","service":"easy-saml-service","timestamp":"2026-03-21T09:26:29.263Z"}
{"level":"info","message":"[REQUEST] GET /admin","service":"easy-saml-service","timestamp":"2026-03-21T09:26:31.567Z"}
{"level":"info","message":"[REQUEST] GET /glossary","service":"easy-saml-service","timestamp":"2026-03-21T09:26:32.439Z"}
{"level":"info","message":"[REQUEST] GET /","service":"easy-saml-service","timestamp":"2026-03-21T09:26:33.267Z"}
{"level":"info","message":"[REQUEST] GET /login","service":"easy-saml-service","timestamp":"2026-03-21T09:26:33.274Z"}
{"level":"info","message":"[REQUEST] GET /dashboard","service":"easy-saml-service","timestamp":"2026-03-21T09:26:33.284Z"}
{"level":"info","message":"[REQUEST] GET /admin","service":"easy-saml-service","timestamp":"2026-03-21T09:26:34.796Z"}
{"level":"info","message":"[REQUEST] GET /dashboard","service":"easy-saml-service","timestamp":"2026-03-21T09:26:35.435Z"}
{"level":"info","message":"[REQUEST] GET /admin","service":"easy-saml-service","timestamp":"2026-03-21T09:26:36.303Z"}
{"level":"info","message":"[REQUEST] GET /glossary","service":"easy-saml-service","timestamp":"2026-03-21T09:26:36.819Z"}
{"level":"info","message":"[REQUEST] GET /","service":"easy-saml-service","timestamp":"2026-03-21T09:26:37.640Z"}
{"level":"info","message":"[REQUEST] GET /login","service":"easy-saml-service","timestamp":"2026-03-21T09:26:37.645Z"}
{"level":"info","message":"[REQUEST] GET /dashboard","service":"easy-saml-service","timestamp":"2026-03-21T09:26:37.654Z"}
{"level":"info","message":"[REQUEST] GET /glossary","service":"easy-saml-service","timestamp":"2026-03-21T09:26:43.260Z"}
{"level":"info","message":"[REQUEST] GET /","service":"easy-saml-service","timestamp":"2026-03-21T09:27:19.876Z"}
{"level":"info","message":"[REQUEST] GET /login","service":"easy-saml-service","timestamp":"2026-03-21T09:27:19.880Z"}
{"level":"info","message":"[REQUEST] GET /dashboard","service":"easy-saml-service","timestamp":"2026-03-21T09:27:19.882Z"}
{"level":"info","message":"[REQUEST] GET /logout","service":"easy-saml-service","timestamp":"2026-03-21T09:27:20.963Z"}
{"level":"info","message":"[REQUEST] GET /","service":"easy-saml-service","timestamp":"2026-03-21T09:27:20.968Z"}
{"level":"info","message":"[REQUEST] GET /login","service":"easy-saml-service","timestamp":"2026-03-21T09:27:20.970Z"}
{"level":"info","message":"[REQUEST] POST /login","service":"easy-saml-service","timestamp":"2026-03-21T09:28:30.032Z"}
{"level":"info","message":"[REQUEST] GET /dashboard","service":"easy-saml-service","timestamp":"2026-03-21T09:28:30.038Z"}
{"level":"info","message":"[REQUEST] GET /admin","service":"easy-saml-service","timestamp":"2026-03-21T09:28:39.245Z"}
{"level":"info","message":"[REQUEST] GET /dashboard","service":"easy-saml-service","timestamp":"2026-03-21T09:30:38.428Z"}
{"level":"error","message":"Error loading tasks: Expected double-quoted property name in JSON at position 943 (line 21 column 3)","service":"easy-saml-service","stack":"SyntaxError: Expected double-quoted property name in JSON at position 943 (line 21 column 3)\n    at JSON.parse (<anonymous>)\n    at Object.loadTasks (/Users/mert/Documents/GitHub/easy-saml/src/task-manager.js:17:21)\n    at /Users/mert/Documents/GitHub/easy-saml/src/app.js:1708:28\n    at Layer.handleRequest (/Users/mert/Documents/GitHub/easy-saml/node_modules/router/lib/layer.js:152:17)\n    at next (/Users/mert/Documents/GitHub/easy-saml/node_modules/router/lib/route.js:157:13)\n    at Route.dispatch (/Users/mert/Documents/GitHub/easy-saml/node_modules/router/lib/route.js:117:3)\n    at handle (/Users/mert/Documents/GitHub/easy-saml/node_modules/router/index.js:435:11)\n    at Layer.handleRequest (/Users/mert/Documents/GitHub/easy-saml/node_modules/router/lib/layer.js:152:17)\n    at /Users/mert/Documents/GitHub/easy-saml/node_modules/router/index.js:295:15\n    at processParams (/Users/mert/Documents/GitHub/easy-saml/node_modules/router/index.js:582:12)","timestamp":"2026-03-21T09:30:38.431Z"}
{"level":"info","message":"[REQUEST] GET /admin","service":"easy-saml-service","timestamp":"2026-03-21T09:30:39.581Z"}
{"level":"info","message":"[REQUEST] GET /dashboard","service":"easy-saml-service","timestamp":"2026-03-21T09:30:40.185Z"}
{"level":"error","message":"Error loading tasks: Expected double-quoted property name in JSON at position 943 (line 21 column 3)","service":"easy-saml-service","stack":"SyntaxError: Expected double-quoted property name in JSON at position 943 (line 21 column 3)\n    at JSON.parse (<anonymous>)\n    at Object.loadTasks (/Users/mert/Documents/GitHub/easy-saml/src/task-manager.js:17:21)\n    at /Users/mert/Documents/GitHub/easy-saml/src/app.js:1708:28\n    at Layer.handleRequest (/Users/mert/Documents/GitHub/easy-saml/node_modules/router/lib/layer.js:152:17)\n    at next (/Users/mert/Documents/GitHub/easy-saml/node_modules/router/lib/route.js:157:13)\n    at Route.dispatch (/Users/mert/Documents/GitHub/easy-saml/node_modules/router/lib/route.js:117:3)\n    at handle (/Users/mert/Documents/GitHub/easy-saml/node_modules/router/index.js:435:11)\n    at Layer.handleRequest (/Users/mert/Documents/GitHub/easy-saml/node_modules/router/lib/layer.js:152:17)\n    at /Users/mert/Documents/GitHub/easy-saml/node_modules/router/index.js:295:15\n    at processParams (/Users/mert/Documents/GitHub/easy-saml/node_modules/router/index.js:582:12)","timestamp":"2026-03-21T09:30:40.187Z"}
{"level":"info","message":"[REQUEST] GET /glossary","service":"easy-saml-service","timestamp":"2026-03-21T09:30:45.316Z"}
{"level":"info","message":"[REQUEST] GET /","service":"easy-saml-service","timestamp":"2026-03-21T09:30:46.250Z"}
{"level":"info","message":"[REQUEST] GET /login","service":"easy-saml-service","timestamp":"2026-03-21T09:30:46.261Z"}
{"level":"info","message":"[REQUEST] GET /dashboard","service":"easy-saml-service","timestamp":"2026-03-21T09:30:46.265Z"}
{"level":"info","message":"[REQUEST] GET /","service":"easy-saml-service","timestamp":"2026-03-21T09:32:24.361Z"}
{"level":"info","message":"[REQUEST] GET /login","service":"easy-saml-service","timestamp":"2026-03-21T09:32:24.364Z"}
{"level":"info","message":"[REQUEST] GET /dashboard","service":"easy-saml-service","timestamp":"2026-03-21T09:32:24.369Z"}
{"authnRequestsSigned":false,"hasPrivateKey":false,"level":"info","message":"[DEBUG] Strategy Options Mapped:","securityConfig":{"clockSkew":300,"digestAlgorithm":"sha256","signatureAlgorithm":"sha256","wantAssertionsSigned":false,"wantMessagesSigned":false,"wantNameIdEncrypted":false},"service":"easy-saml-service","timestamp":"2026-03-21T09:32:56.290Z"}
{"authnRequestsSigned":false,"cert":"MISSING","entryPoint":"","idpCert":"MISSING","issuer":"http://localhost:3000/saml/metadata","level":"info","message":"SAML Strategy Options (Final):","service":"easy-saml-service","timestamp":"2026-03-21T09:32:56.292Z"}
{"0":"c","1":"a","10":"l","11":" ","12":"i","13":"s","14":" ","15":"r","16":"e","17":"q","18":"u","19":"i","2":"l","20":"r","21":"e","22":"d","3":"l","4":"b","5":"a","6":"c","7":"k","8":"U","9":"r","level":"error","message":"[WARNING] Failed to initialize SAML Strategy (likely missing config):","service":"easy-saml-service","timestamp":"2026-03-21T09:32:56.293Z"}
{"level":"info","message":"Using Dummy SAML Strategy to allow server startup.","service":"easy-saml-service","timestamp":"2026-03-21T09:32:56.293Z"}
{"0":"O","1":"A","10":"t","11":"e","12":"g","13":"y","14":" ","15":"r","16":"e","17":"q","18":"u","19":"i","2":"u","20":"r","21":"e","22":"s","23":" ","24":"a","25":" ","26":"c","27":"l","28":"i","29":"e","3":"t","30":"n","31":"t","32":"I","33":"D","34":" ","35":"o","36":"p","37":"t","38":"i","39":"o","4":"h","40":"n","5":"2","6":"S","7":"t","8":"r","9":"a","level":"error","message":"[WARNING] Failed to initialize OAuth Strategy (likely missing config):","service":"easy-saml-service","timestamp":"2026-03-21T09:32:56.293Z"}
{"0":"O","1":"A","10":"t","11":"e","12":"g","13":"y","14":" ","15":"r","16":"e","17":"q","18":"u","19":"i","2":"u","20":"r","21":"e","22":"s","23":" ","24":"a","25":" ","26":"c","27":"l","28":"i","29":"e","3":"t","30":"n","31":"t","32":"I","33":"D","34":" ","35":"o","36":"p","37":"t","38":"i","39":"o","4":"h","40":"n","5":"2","6":"S","7":"t","8":"r","9":"a","level":"error","message":"[WARNING] Failed to initialize JWT Strategy:","service":"easy-saml-service","timestamp":"2026-03-21T09:32:56.293Z"}
{"level":"info","message":"[REQUEST] GET /logout","service":"easy-saml-service","timestamp":"2026-03-21T09:33:02.822Z"}
{"level":"info","message":"[REQUEST] GET /","service":"easy-saml-service","timestamp":"2026-03-21T09:33:02.829Z"}
{"level":"info","message":"[REQUEST] GET /login","service":"easy-saml-service","timestamp":"2026-03-21T09:33:02.831Z"}
{"level":"info","message":"[REQUEST] POST /login","service":"easy-saml-service","timestamp":"2026-03-21T09:33:03.730Z"}
{"level":"info","message":"[REQUEST] GET /dashboard","service":"easy-saml-service","timestamp":"2026-03-21T09:33:03.733Z"}
{"level":"info","message":"[REQUEST] GET /admin","service":"easy-saml-service","timestamp":"2026-03-21T09:33:09.999Z"}
{"level":"info","message":"[REQUEST] GET /dashboard","service":"easy-saml-service","timestamp":"2026-03-21T09:33:27.541Z"}
{"level":"info","message":"[REQUEST] GET /admin","service":"easy-saml-service","timestamp":"2026-03-21T09:33:34.527Z"}
{"level":"info","message":"[REQUEST] GET /dashboard","service":"easy-saml-service","timestamp":"2026-03-21T10:09:21.746Z"}
{"level":"info","message":"[REQUEST] GET /logout","service":"easy-saml-service","timestamp":"2026-03-21T10:09:22.415Z"}
{"level":"info","message":"[REQUEST] GET /","service":"easy-saml-service","timestamp":"2026-03-21T10:09:22.418Z"}
{"level":"info","message":"[REQUEST] GET /login","service":"easy-saml-service","timestamp":"2026-03-21T10:09:22.419Z"}
{"level":"info","message":"[REQUEST] POST /login","service":"easy-saml-service","timestamp":"2026-03-21T10:09:23.250Z"}
{"level":"info","message":"[REQUEST] GET /dashboard","service":"easy-saml-service","timestamp":"2026-03-21T10:09:23.255Z"}
{"authnRequestsSigned":false,"hasPrivateKey":false,"level":"info","message":"[DEBUG] Strategy Options Mapped:","securityConfig":{"clockSkew":300,"digestAlgorithm":"sha256","signatureAlgorithm":"sha256","wantAssertionsSigned":false,"wantMessagesSigned":false,"wantNameIdEncrypted":false},"service":"easy-saml-service","timestamp":"2026-03-21T10:16:48.382Z"}
{"authnRequestsSigned":false,"cert":"MISSING","entryPoint":"","idpCert":"MISSING","issuer":"http://localhost:3000/saml/metadata","level":"info","message":"SAML Strategy Options (Final):","service":"easy-saml-service","timestamp":"2026-03-21T10:16:48.384Z"}
{"0":"c","1":"a","10":"l","11":" ","12":"i","13":"s","14":" ","15":"r","16":"e","17":"q","18":"u","19":"i","2":"l","20":"r","21":"e","22":"d","3":"l","4":"b","5":"a","6":"c","7":"k","8":"U","9":"r","level":"error","message":"[WARNING] Failed to initialize SAML Strategy (likely missing config):","service":"easy-saml-service","timestamp":"2026-03-21T10:16:48.384Z"}
{"level":"info","message":"Using Dummy SAML Strategy to allow server startup.","service":"easy-saml-service","timestamp":"2026-03-21T10:16:48.384Z"}
{"0":"O","1":"A","10":"t","11":"e","12":"g","13":"y","14":" ","15":"r","16":"e","17":"q","18":"u","19":"i","2":"u","20":"r","21":"e","22":"s","23":" ","24":"a","25":" ","26":"c","27":"l","28":"i","29":"e","3":"t","30":"n","31":"t","32":"I","33":"D","34":" ","35":"o","36":"p","37":"t","38":"i","39":"o","4":"h","40":"n","5":"2","6":"S","7":"t","8":"r","9":"a","level":"error","message":"[WARNING] Failed to initialize OAuth Strategy (likely missing config):","service":"easy-saml-service","timestamp":"2026-03-21T10:16:48.384Z"}
{"0":"O","1":"A","10":"t","11":"e","12":"g","13":"y","14":" ","15":"r","16":"e","17":"q","18":"u","19":"i","2":"u","20":"r","21":"e","22":"s","23":" ","24":"a","25":" ","26":"c","27":"l","28":"i","29":"e","3":"t","30":"n","31":"t","32":"I","33":"D","34":" ","35":"o","36":"p","37":"t","38":"i","39":"o","4":"h","40":"n","5":"2","6":"S","7":"t","8":"r","9":"a","level":"error","message":"[WARNING] Failed to initialize JWT Strategy:","service":"easy-saml-service","timestamp":"2026-03-21T10:16:48.385Z"}
{"level":"info","message":"[REQUEST] GET /","service":"easy-saml-service","timestamp":"2026-03-21T10:16:53.685Z"}
{"level":"info","message":"[REQUEST] GET /login","service":"easy-saml-service","timestamp":"2026-03-21T10:16:53.691Z"}
{"level":"info","message":"[REQUEST] POST /login","service":"easy-saml-service","timestamp":"2026-03-21T10:16:55.298Z"}
{"level":"info","message":"[REQUEST] GET /dashboard","service":"easy-saml-service","timestamp":"2026-03-21T10:16:55.302Z"}
{"level":"info","message":"[REQUEST] GET /admin","service":"easy-saml-service","timestamp":"2026-03-21T10:16:57.364Z"}
{"authnRequestsSigned":false,"hasPrivateKey":false,"level":"info","message":"[DEBUG] Strategy Options Mapped:","securityConfig":{"clockSkew":300,"digestAlgorithm":"sha256","signatureAlgorithm":"sha256","wantAssertionsSigned":false,"wantMessagesSigned":false,"wantNameIdEncrypted":false},"service":"easy-saml-service","timestamp":"2026-03-21T10:32:19.388Z"}
{"authnRequestsSigned":false,"cert":"MISSING","entryPoint":"","idpCert":"MISSING","issuer":"http://localhost:3000/saml/metadata","level":"info","message":"SAML Strategy Options (Final):","service":"easy-saml-service","timestamp":"2026-03-21T10:32:19.390Z"}
{"0":"c","1":"a","10":"l","11":" ","12":"i","13":"s","14":" ","15":"r","16":"e","17":"q","18":"u","19":"i","2":"l","20":"r","21":"e","22":"d","3":"l","4":"b","5":"a","6":"c","7":"k","8":"U","9":"r","level":"error","message":"[WARNING] Failed to initialize SAML Strategy (likely missing config):","service":"easy-saml-service","timestamp":"2026-03-21T10:32:19.391Z"}
{"level":"info","message":"Using Dummy SAML Strategy to allow server startup.","service":"easy-saml-service","timestamp":"2026-03-21T10:32:19.391Z"}
{"0":"O","1":"A","10":"t","11":"e","12":"g","13":"y","14":" ","15":"r","16":"e","17":"q","18":"u","19":"i","2":"u","20":"r","21":"e","22":"s","23":" ","24":"a","25":" ","26":"c","27":"l","28":"i","29":"e","3":"t","30":"n","31":"t","32":"I","33":"D","34":" ","35":"o","36":"p","37":"t","38":"i","39":"o","4":"h","40":"n","5":"2","6":"S","7":"t","8":"r","9":"a","level":"error","message":"[WARNING] Failed to initialize OAuth Strategy (likely missing config):","service":"easy-saml-service","timestamp":"2026-03-21T10:32:19.391Z"}
{"0":"O","1":"A","10":"t","11":"e","12":"g","13":"y","14":" ","15":"r","16":"e","17":"q","18":"u","19":"i","2":"u","20":"r","21":"e","22":"s","23":" ","24":"a","25":" ","26":"c","27":"l","28":"i","29":"e","3":"t","30":"n","31":"t","32":"I","33":"D","34":" ","35":"o","36":"p","37":"t","38":"i","39":"o","4":"h","40":"n","5":"2","6":"S","7":"t","8":"r","9":"a","level":"error","message":"[WARNING] Failed to initialize JWT Strategy:","service":"easy-saml-service","timestamp":"2026-03-21T10:32:19.391Z"}
{"level":"info","message":"[REQUEST] GET /","service":"easy-saml-service","timestamp":"2026-03-21T10:32:22.012Z"}
{"level":"info","message":"[REQUEST] GET /login","service":"easy-saml-service","timestamp":"2026-03-21T10:32:22.017Z"}
{"authnRequestsSigned":false,"hasPrivateKey":false,"level":"info","message":"[DEBUG] Strategy Options Mapped:","securityConfig":{"clockSkew":300,"digestAlgorithm":"sha256","signatureAlgorithm":"sha256","wantAssertionsSigned":false,"wantMessagesSigned":false,"wantNameIdEncrypted":false},"service":"easy-saml-service","timestamp":"2026-03-22T15:42:28.865Z"}
{"authnRequestsSigned":false,"cert":"MISSING","entryPoint":"","idpCert":"MISSING","issuer":"http://localhost:3000/saml/metadata","level":"info","message":"SAML Strategy Options (Final):","service":"easy-saml-service","timestamp":"2026-03-22T15:42:28.867Z"}
{"0":"c","1":"a","10":"l","11":" ","12":"i","13":"s","14":" ","15":"r","16":"e","17":"q","18":"u","19":"i","2":"l","20":"r","21":"e","22":"d","3":"l","4":"b","5":"a","6":"c","7":"k","8":"U","9":"r","level":"error","message":"[WARNING] Failed to initialize SAML Strategy (likely missing config):","service":"easy-saml-service","timestamp":"2026-03-22T15:42:28.867Z"}
{"level":"info","message":"Using Dummy SAML Strategy to allow server startup.","service":"easy-saml-service","timestamp":"2026-03-22T15:42:28.867Z"}
{"0":"O","1":"A","10":"t","11":"e","12":"g","13":"y","14":" ","15":"r","16":"e","17":"q","18":"u","19":"i","2":"u","20":"r","21":"e","22":"s","23":" ","24":"a","25":" ","26":"c","27":"l","28":"i","29":"e","3":"t","30":"n","31":"t","32":"I","33":"D","34":" ","35":"o","36":"p","37":"t","38":"i","39":"o","4":"h","40":"n","5":"2","6":"S","7":"t","8":"r","9":"a","level":"error","message":"[WARNING] Failed to initialize OAuth Strategy (likely missing config):","service":"easy-saml-service","timestamp":"2026-03-22T15:42:28.868Z"}
{"0":"O","1":"A","10":"t","11":"e","12":"g","13":"y","14":" ","15":"r","16":"e","17":"q","18":"u","19":"i","2":"u","20":"r","21":"e","22":"s","23":" ","24":"a","25":" ","26":"c","27":"l","28":"i","29":"e","3":"t","30":"n","31":"t","32":"I","33":"D","34":" ","35":"o","36":"p","37":"t","38":"i","39":"o","4":"h","40":"n","5":"2","6":"S","7":"t","8":"r","9":"a","level":"error","message":"[WARNING] Failed to initialize JWT Strategy:","service":"easy-saml-service","timestamp":"2026-03-22T15:42:28.868Z"}
{"level":"info","message":"[REQUEST] GET /","service":"easy-saml-service","timestamp":"2026-03-22T15:42:29.848Z"}
{"level":"info","message":"[REQUEST] GET /login","service":"easy-saml-service","timestamp":"2026-03-22T15:42:29.853Z"}
{"level":"info","message":"[REQUEST] GET /favicon.ico","service":"easy-saml-service","timestamp":"2026-03-22T15:42:30.539Z"}
{"level":"info","message":"[REQUEST] GET /login/sso","service":"easy-saml-service","timestamp":"2026-03-22T15:42:34.038Z"}
{"level":"info","message":"[REQUEST] GET /login?error=saml_missing","service":"easy-saml-service","timestamp":"2026-03-22T15:42:34.041Z"}
{"level":"info","message":"[REQUEST] GET /login/oauth","service":"easy-saml-service","timestamp":"2026-03-22T15:42:37.228Z"}
{"level":"info","message":"[REQUEST] GET /login?error=oauth_missing","service":"easy-saml-service","timestamp":"2026-03-22T15:42:37.237Z"}
{"level":"info","message":"[REQUEST] GET /login/jwt","service":"easy-saml-service","timestamp":"2026-03-22T15:42:38.339Z"}
{"level":"info","message":"[REQUEST] GET /login?error=jwt_missing","service":"easy-saml-service","timestamp":"2026-03-22T15:42:38.341Z"}
{"level":"info","message":"[REQUEST] POST /login","service":"easy-saml-service","timestamp":"2026-03-22T15:42:39.154Z"}
{"level":"info","message":"[REQUEST] GET /dashboard","service":"easy-saml-service","timestamp":"2026-03-22T15:42:39.157Z"}
{"level":"info","message":"[REQUEST] GET /admin","service":"easy-saml-service","timestamp":"2026-03-22T15:42:41.890Z"}
{"level":"info","message":"[REQUEST] GET /dashboard","service":"easy-saml-service","timestamp":"2026-03-22T15:42:45.337Z"}
{"level":"info","message":"[REQUEST] GET /admin","service":"easy-saml-service","timestamp":"2026-03-22T15:42:46.880Z"}
{"level":"info","message":"[REQUEST] GET /dashboard","service":"easy-saml-service","timestamp":"2026-03-22T15:42:47.687Z"}
{"level":"info","message":"[REQUEST] GET /glossary","service":"easy-saml-service","timestamp":"2026-03-22T15:42:48.832Z"}
{"level":"info","message":"[REQUEST] GET /","service":"easy-saml-service","timestamp":"2026-03-22T15:42:49.964Z"}
{"level":"info","message":"[REQUEST] GET /login","service":"easy-saml-service","timestamp":"2026-03-22T15:42:49.970Z"}
{"level":"info","message":"[REQUEST] GET /dashboard","service":"easy-saml-service","timestamp":"2026-03-22T15:42:49.973Z"}
{"level":"info","message":"[REQUEST] GET /admin","service":"easy-saml-service","timestamp":"2026-03-22T15:42:57.112Z"}
{"authnRequestsSigned":false,"hasPrivateKey":false,"level":"info","message":"[DEBUG] Strategy Options Mapped:","securityConfig":{"clockSkew":300,"digestAlgorithm":"sha256","signatureAlgorithm":"sha256","wantAssertionsSigned":false,"wantMessagesSigned":false,"wantNameIdEncrypted":false},"service":"easy-saml-service","timestamp":"2026-03-22T15:45:57.131Z"}
{"authnRequestsSigned":false,"cert":"MISSING","entryPoint":"","idpCert":"MISSING","issuer":"http://localhost:3000/saml/metadata","level":"info","message":"SAML Strategy Options (Final):","service":"easy-saml-service","timestamp":"2026-03-22T15:45:57.132Z"}
{"0":"c","1":"a","10":"l","11":" ","12":"i","13":"s","14":" ","15":"r","16":"e","17":"q","18":"u","19":"i","2":"l","20":"r","21":"e","22":"d","3":"l","4":"b","5":"a","6":"c","7":"k","8":"U","9":"r","level":"error","message":"[WARNING] Failed to initialize SAML Strategy (likely missing config):","service":"easy-saml-service","timestamp":"2026-03-22T15:45:57.133Z"}
{"level":"info","message":"Using Dummy SAML Strategy to allow server startup.","service":"easy-saml-service","timestamp":"2026-03-22T15:45:57.133Z"}
{"0":"O","1":"A","10":"t","11":"e","12":"g","13":"y","14":" ","15":"r","16":"e","17":"q","18":"u","19":"i","2":"u","20":"r","21":"e","22":"s","23":" ","24":"a","25":" ","26":"c","27":"l","28":"i","29":"e","3":"t","30":"n","31":"t","32":"I","33":"D","34":" ","35":"o","36":"p","37":"t","38":"i","39":"o","4":"h","40":"n","5":"2","6":"S","7":"t","8":"r","9":"a","level":"error","message":"[WARNING] Failed to initialize OAuth Strategy (likely missing config):","service":"easy-saml-service","timestamp":"2026-03-22T15:45:57.133Z"}
{"0":"O","1":"A","10":"t","11":"e","12":"g","13":"y","14":" ","15":"r","16":"e","17":"q","18":"u","19":"i","2":"u","20":"r","21":"e","22":"s","23":" ","24":"a","25":" ","26":"c","27":"l","28":"i","29":"e","3":"t","30":"n","31":"t","32":"I","33":"D","34":" ","35":"o","36":"p","37":"t","38":"i","39":"o","4":"h","40":"n","5":"2","6":"S","7":"t","8":"r","9":"a","level":"error","message":"[WARNING] Failed to initialize JWT Strategy:","service":"easy-saml-service","timestamp":"2026-03-22T15:45:57.133Z"}
{"level":"info","message":"[REQUEST] GET /dashboard","service":"easy-saml-service","timestamp":"2026-03-22T15:45:59.504Z"}
{"level":"info","message":"[REQUEST] GET /login","service":"easy-saml-service","timestamp":"2026-03-22T15:45:59.512Z"}
{"level":"info","message":"[REQUEST] POST /login","service":"easy-saml-service","timestamp":"2026-03-22T15:46:00.650Z"}
{"level":"info","message":"[REQUEST] GET /dashboard","service":"easy-saml-service","timestamp":"2026-03-22T15:46:00.654Z"}
{"level":"info","message":"[REQUEST] GET /admin","service":"easy-saml-service","timestamp":"2026-03-22T15:46:02.348Z"}
{"level":"info","message":"[REQUEST] GET /dashboard","service":"easy-saml-service","timestamp":"2026-03-22T15:47:12.362Z"}
{"level":"info","message":"[REQUEST] GET /admin","service":"easy-saml-service","timestamp":"2026-03-22T15:47:17.948Z"}
{"level":"info","message":"[REQUEST] GET /dashboard","service":"easy-saml-service","timestamp":"2026-03-22T15:47:18.923Z"}
{"level":"info","message":"[REQUEST] GET /admin","service":"easy-saml-service","timestamp":"2026-03-22T15:47:19.646Z"}
{"level":"info","message":"[REQUEST] GET /glossary","service":"easy-saml-service","timestamp":"2026-03-22T15:47:20.210Z"}
{"level":"info","message":"[REQUEST] GET /","service":"easy-saml-service","timestamp":"2026-03-22T15:47:21.360Z"}
{"level":"info","message":"[REQUEST] GET /login","service":"easy-saml-service","timestamp":"2026-03-22T15:47:21.363Z"}
{"level":"info","message":"[REQUEST] GET /dashboard","service":"easy-saml-service","timestamp":"2026-03-22T15:47:21.369Z"}
{"level":"info","message":"[REQUEST] GET /admin","service":"easy-saml-service","timestamp":"2026-03-22T15:47:23.033Z"}
{"authnRequestsSigned":false,"hasPrivateKey":false,"level":"info","message":"[DEBUG] Strategy Options Mapped:","securityConfig":{"clockSkew":300,"digestAlgorithm":"sha256","signatureAlgorithm":"sha256","wantAssertionsSigned":false,"wantMessagesSigned":false,"wantNameIdEncrypted":false},"service":"easy-saml-service","timestamp":"2026-03-22T15:47:46.233Z"}
{"authnRequestsSigned":false,"cert":"MISSING","entryPoint":"","idpCert":"MISSING","issuer":"http://localhost:3000/saml/metadata","level":"info","message":"SAML Strategy Options (Final):","service":"easy-saml-service","timestamp":"2026-03-22T15:47:46.235Z"}
{"0":"c","1":"a","10":"l","11":" ","12":"i","13":"s","14":" ","15":"r","16":"e","17":"q","18":"u","19":"i","2":"l","20":"r","21":"e","22":"d","3":"l","4":"b","5":"a","6":"c","7":"k","8":"U","9":"r","level":"error","message":"[WARNING] Failed to initialize SAML Strategy (likely missing config):","service":"easy-saml-service","timestamp":"2026-03-22T15:47:46.235Z"}
{"level":"info","message":"Using Dummy SAML Strategy to allow server startup.","service":"easy-saml-service","timestamp":"2026-03-22T15:47:46.236Z"}
{"0":"O","1":"A","10":"t","11":"e","12":"g","13":"y","14":" ","15":"r","16":"e","17":"q","18":"u","19":"i","2":"u","20":"r","21":"e","22":"s","23":" ","24":"a","25":" ","26":"c","27":"l","28":"i","29":"e","3":"t","30":"n","31":"t","32":"I","33":"D","34":" ","35":"o","36":"p","37":"t","38":"i","39":"o","4":"h","40":"n","5":"2","6":"S","7":"t","8":"r","9":"a","level":"error","message":"[WARNING] Failed to initialize OAuth Strategy (likely missing config):","service":"easy-saml-service","timestamp":"2026-03-22T15:47:46.236Z"}
{"0":"O","1":"A","10":"t","11":"e","12":"g","13":"y","14":" ","15":"r","16":"e","17":"q","18":"u","19":"i","2":"u","20":"r","21":"e","22":"s","23":" ","24":"a","25":" ","26":"c","27":"l","28":"i","29":"e","3":"t","30":"n","31":"t","32":"I","33":"D","34":" ","35":"o","36":"p","37":"t","38":"i","39":"o","4":"h","40":"n","5":"2","6":"S","7":"t","8":"r","9":"a","level":"error","message":"[WARNING] Failed to initialize JWT Strategy:","service":"easy-saml-service","timestamp":"2026-03-22T15:47:46.236Z"}
{"level":"info","message":"[REQUEST] GET /admin","service":"easy-saml-service","timestamp":"2026-03-22T15:47:49.646Z"}
{"level":"info","message":"[REQUEST] GET /login","service":"easy-saml-service","timestamp":"2026-03-22T15:47:49.656Z"}
{"level":"info","message":"[REQUEST] POST /login","service":"easy-saml-service","timestamp":"2026-03-22T15:47:51.550Z"}
{"level":"info","message":"[REQUEST] GET /dashboard","service":"easy-saml-service","timestamp":"2026-03-22T15:47:51.554Z"}
{"level":"info","message":"[REQUEST] GET /admin","service":"easy-saml-service","timestamp":"2026-03-22T15:47:53.046Z"}
{"level":"info","message":"[REQUEST] GET /admin","service":"easy-saml-service","timestamp":"2026-03-22T15:48:07.145Z"}
{"authnRequestsSigned":false,"hasPrivateKey":false,"level":"info","message":"[DEBUG] Strategy Options Mapped:","securityConfig":{"clockSkew":300,"digestAlgorithm":"sha256","signatureAlgorithm":"sha256","wantAssertionsSigned":false,"wantMessagesSigned":false,"wantNameIdEncrypted":false},"service":"easy-saml-service","timestamp":"2026-03-22T16:47:41.532Z"}
{"authnRequestsSigned":false,"cert":"MISSING","entryPoint":"","idpCert":"MISSING","issuer":"http://localhost:3000/saml/metadata","level":"info","message":"SAML Strategy Options (Final):","service":"easy-saml-service","timestamp":"2026-03-22T16:47:41.535Z"}
{"0":"c","1":"a","10":"l","11":" ","12":"i","13":"s","14":" ","15":"r","16":"e","17":"q","18":"u","19":"i","2":"l","20":"r","21":"e","22":"d","3":"l","4":"b","5":"a","6":"c","7":"k","8":"U","9":"r","level":"error","message":"[WARNING] Failed to initialize SAML Strategy (likely missing config):","service":"easy-saml-service","timestamp":"2026-03-22T16:47:41.535Z"}
{"level":"info","message":"Using Dummy SAML Strategy to allow server startup.","service":"easy-saml-service","timestamp":"2026-03-22T16:47:41.535Z"}
{"0":"O","1":"A","10":"t","11":"e","12":"g","13":"y","14":" ","15":"r","16":"e","17":"q","18":"u","19":"i","2":"u","20":"r","21":"e","22":"s","23":" ","24":"a","25":" ","26":"c","27":"l","28":"i","29":"e","3":"t","30":"n","31":"t","32":"I","33":"D","34":" ","35":"o","36":"p","37":"t","38":"i","39":"o","4":"h","40":"n","5":"2","6":"S","7":"t","8":"r","9":"a","level":"error","message":"[WARNING] Failed to initialize OAuth Strategy (likely missing config):","service":"easy-saml-service","timestamp":"2026-03-22T16:47:41.535Z"}
{"0":"O","1":"A","10":"t","11":"e","12":"g","13":"y","14":" ","15":"r","16":"e","17":"q","18":"u","19":"i","2":"u","20":"r","21":"e","22":"s","23":" ","24":"a","25":" ","26":"c","27":"l","28":"i","29":"e","3":"t","30":"n","31":"t","32":"I","33":"D","34":" ","35":"o","36":"p","37":"t","38":"i","39":"o","4":"h","40":"n","5":"2","6":"S","7":"t","8":"r","9":"a","level":"error","message":"[WARNING] Failed to initialize JWT Strategy:","service":"easy-saml-service","timestamp":"2026-03-22T16:47:41.535Z"}
{"level":"info","message":"[REQUEST] GET /admin","service":"easy-saml-service","timestamp":"2026-03-22T16:47:44.152Z"}
{"level":"info","message":"[REQUEST] GET /login","service":"easy-saml-service","timestamp":"2026-03-22T16:47:44.159Z"}
{"level":"info","message":"[REQUEST] POST /login","service":"easy-saml-service","timestamp":"2026-03-22T16:47:45.375Z"}
{"level":"info","message":"[REQUEST] GET /dashboard","service":"easy-saml-service","timestamp":"2026-03-22T16:47:45.379Z"}
{"level":"info","message":"[REQUEST] GET /admin","service":"easy-saml-service","timestamp":"2026-03-22T16:47:48.274Z"}
{"level":"info","message":"[REQUEST] GET /dashboard","service":"easy-saml-service","timestamp":"2026-03-22T16:47:52.708Z"}
{"level":"info","message":"[REQUEST] GET /admin","service":"easy-saml-service","timestamp":"2026-03-22T16:47:53.653Z"}
{"level":"info","message":"[REQUEST] GET /dashboard","service":"easy-saml-service","timestamp":"2026-03-22T16:48:43.639Z"}
{"level":"info","message":"[REQUEST] GET /logout","service":"easy-saml-service","timestamp":"2026-03-22T16:48:45.193Z"}
{"level":"info","message":"[REQUEST] GET /","service":"easy-saml-service","timestamp":"2026-03-22T16:48:45.204Z"}
{"level":"info","message":"[REQUEST] GET /login","service":"easy-saml-service","timestamp":"2026-03-22T16:48:45.206Z"}
